
*** Running vivado
    with args -log tsr_video_mux_0_0.vds -m64 -product Vivado -mode batch -messageDb vivado.pb -notrace -source tsr_video_mux_0_0.tcl


****** Vivado v2018.3 (64-bit)
  **** SW Build 2405991 on Thu Dec  6 23:36:41 MST 2018
  **** IP Build 2404404 on Fri Dec  7 01:43:56 MST 2018
    ** Copyright 1986-2018 Xilinx, Inc. All Rights Reserved.

source tsr_video_mux_0_0.tcl -notrace
INFO: [IP_Flow 19-234] Refreshing IP repositories
WARNING: [IP_Flow 19-3685] Ignored loading user repository '/home/lsriw/Desktop/klara/hsvs1/hsvs/tlr/ip_repo/parameter_register_1.0'. The path is contained within another repository.
INFO: [IP_Flow 19-1700] Loaded user IP repository '/home/lsriw/Desktop/klara/hsvs1/hsvs/IPdir'.
INFO: [IP_Flow 19-1700] Loaded user IP repository '/home/lsriw/Desktop/klara/hsvs1/hsvs/hdmi_vga_ip_repo'.
INFO: [IP_Flow 19-1700] Loaded user IP repository '/home/lsriw/Desktop/klara/hsvs1/hsvs/tlr/ip_repo'.
INFO: [IP_Flow 19-2313] Loaded Vivado IP repository '/opt/Xilinx/Vivado/2018.3/data/ip'.
Command: synth_design -top tsr_video_mux_0_0 -part xc7z010clg400-1 -mode out_of_context
Starting synth_design
Attempting to get a license for feature 'Synthesis' and/or device 'xc7z010'
INFO: [Common 17-349] Got license for feature 'Synthesis' and/or device 'xc7z010'
INFO: Launching helper process for spawning children vivado processes
INFO: Helper process launched with PID 16514 
---------------------------------------------------------------------------------
Starting RTL Elaboration : Time (s): cpu = 00:00:01 ; elapsed = 00:00:01 . Memory (MB): peak = 1474.375 ; gain = 83.855 ; free physical = 55298 ; free virtual = 60977
---------------------------------------------------------------------------------
INFO: [Synth 8-6157] synthesizing module 'tsr_video_mux_0_0' [/home/lsriw/Desktop/klara/hsvs1/hsvs/tlr/tlr/tlr.srcs/sources_1/bd/tsr/ip/tsr_video_mux_0_0/synth/tsr_video_mux_0_0.v:57]
INFO: [Synth 8-6157] synthesizing module 'video_mux' [/home/lsriw/Desktop/klara/hsvs1/hsvs/tlr/tlr/tlr.srcs/sources_1/bd/tsr/ipshared/3b6f/video_mux.v:23]
WARNING: [Synth 8-3848] Net rgb_mux[15] in module/entity video_mux does not have driver. [/home/lsriw/Desktop/klara/hsvs1/hsvs/tlr/tlr/tlr.srcs/sources_1/bd/tsr/ipshared/3b6f/video_mux.v:59]
WARNING: [Synth 8-3848] Net rgb_mux[14] in module/entity video_mux does not have driver. [/home/lsriw/Desktop/klara/hsvs1/hsvs/tlr/tlr/tlr.srcs/sources_1/bd/tsr/ipshared/3b6f/video_mux.v:59]
WARNING: [Synth 8-3848] Net rgb_mux[13] in module/entity video_mux does not have driver. [/home/lsriw/Desktop/klara/hsvs1/hsvs/tlr/tlr/tlr.srcs/sources_1/bd/tsr/ipshared/3b6f/video_mux.v:59]
WARNING: [Synth 8-3848] Net rgb_mux[12] in module/entity video_mux does not have driver. [/home/lsriw/Desktop/klara/hsvs1/hsvs/tlr/tlr/tlr.srcs/sources_1/bd/tsr/ipshared/3b6f/video_mux.v:59]
WARNING: [Synth 8-3848] Net rgb_mux[11] in module/entity video_mux does not have driver. [/home/lsriw/Desktop/klara/hsvs1/hsvs/tlr/tlr/tlr.srcs/sources_1/bd/tsr/ipshared/3b6f/video_mux.v:59]
WARNING: [Synth 8-3848] Net rgb_mux[10] in module/entity video_mux does not have driver. [/home/lsriw/Desktop/klara/hsvs1/hsvs/tlr/tlr/tlr.srcs/sources_1/bd/tsr/ipshared/3b6f/video_mux.v:59]
WARNING: [Synth 8-3848] Net rgb_mux[9] in module/entity video_mux does not have driver. [/home/lsriw/Desktop/klara/hsvs1/hsvs/tlr/tlr/tlr.srcs/sources_1/bd/tsr/ipshared/3b6f/video_mux.v:59]
WARNING: [Synth 8-3848] Net rgb_mux[8] in module/entity video_mux does not have driver. [/home/lsriw/Desktop/klara/hsvs1/hsvs/tlr/tlr/tlr.srcs/sources_1/bd/tsr/ipshared/3b6f/video_mux.v:59]
WARNING: [Synth 8-3848] Net rgb_mux[7] in module/entity video_mux does not have driver. [/home/lsriw/Desktop/klara/hsvs1/hsvs/tlr/tlr/tlr.srcs/sources_1/bd/tsr/ipshared/3b6f/video_mux.v:59]
WARNING: [Synth 8-3848] Net rgb_mux[6] in module/entity video_mux does not have driver. [/home/lsriw/Desktop/klara/hsvs1/hsvs/tlr/tlr/tlr.srcs/sources_1/bd/tsr/ipshared/3b6f/video_mux.v:59]
WARNING: [Synth 8-3848] Net rgb_mux[5] in module/entity video_mux does not have driver. [/home/lsriw/Desktop/klara/hsvs1/hsvs/tlr/tlr/tlr.srcs/sources_1/bd/tsr/ipshared/3b6f/video_mux.v:59]
WARNING: [Synth 8-3848] Net de_mux[15] in module/entity video_mux does not have driver. [/home/lsriw/Desktop/klara/hsvs1/hsvs/tlr/tlr/tlr.srcs/sources_1/bd/tsr/ipshared/3b6f/video_mux.v:60]
WARNING: [Synth 8-3848] Net de_mux[14] in module/entity video_mux does not have driver. [/home/lsriw/Desktop/klara/hsvs1/hsvs/tlr/tlr/tlr.srcs/sources_1/bd/tsr/ipshared/3b6f/video_mux.v:60]
WARNING: [Synth 8-3848] Net de_mux[13] in module/entity video_mux does not have driver. [/home/lsriw/Desktop/klara/hsvs1/hsvs/tlr/tlr/tlr.srcs/sources_1/bd/tsr/ipshared/3b6f/video_mux.v:60]
WARNING: [Synth 8-3848] Net de_mux[12] in module/entity video_mux does not have driver. [/home/lsriw/Desktop/klara/hsvs1/hsvs/tlr/tlr/tlr.srcs/sources_1/bd/tsr/ipshared/3b6f/video_mux.v:60]
WARNING: [Synth 8-3848] Net de_mux[11] in module/entity video_mux does not have driver. [/home/lsriw/Desktop/klara/hsvs1/hsvs/tlr/tlr/tlr.srcs/sources_1/bd/tsr/ipshared/3b6f/video_mux.v:60]
WARNING: [Synth 8-3848] Net de_mux[10] in module/entity video_mux does not have driver. [/home/lsriw/Desktop/klara/hsvs1/hsvs/tlr/tlr/tlr.srcs/sources_1/bd/tsr/ipshared/3b6f/video_mux.v:60]
WARNING: [Synth 8-3848] Net de_mux[9] in module/entity video_mux does not have driver. [/home/lsriw/Desktop/klara/hsvs1/hsvs/tlr/tlr/tlr.srcs/sources_1/bd/tsr/ipshared/3b6f/video_mux.v:60]
WARNING: [Synth 8-3848] Net de_mux[8] in module/entity video_mux does not have driver. [/home/lsriw/Desktop/klara/hsvs1/hsvs/tlr/tlr/tlr.srcs/sources_1/bd/tsr/ipshared/3b6f/video_mux.v:60]
WARNING: [Synth 8-3848] Net de_mux[7] in module/entity video_mux does not have driver. [/home/lsriw/Desktop/klara/hsvs1/hsvs/tlr/tlr/tlr.srcs/sources_1/bd/tsr/ipshared/3b6f/video_mux.v:60]
WARNING: [Synth 8-3848] Net de_mux[6] in module/entity video_mux does not have driver. [/home/lsriw/Desktop/klara/hsvs1/hsvs/tlr/tlr/tlr.srcs/sources_1/bd/tsr/ipshared/3b6f/video_mux.v:60]
WARNING: [Synth 8-3848] Net de_mux[5] in module/entity video_mux does not have driver. [/home/lsriw/Desktop/klara/hsvs1/hsvs/tlr/tlr/tlr.srcs/sources_1/bd/tsr/ipshared/3b6f/video_mux.v:60]
WARNING: [Synth 8-3848] Net h_sync_mux[15] in module/entity video_mux does not have driver. [/home/lsriw/Desktop/klara/hsvs1/hsvs/tlr/tlr/tlr.srcs/sources_1/bd/tsr/ipshared/3b6f/video_mux.v:61]
WARNING: [Synth 8-3848] Net h_sync_mux[14] in module/entity video_mux does not have driver. [/home/lsriw/Desktop/klara/hsvs1/hsvs/tlr/tlr/tlr.srcs/sources_1/bd/tsr/ipshared/3b6f/video_mux.v:61]
WARNING: [Synth 8-3848] Net h_sync_mux[13] in module/entity video_mux does not have driver. [/home/lsriw/Desktop/klara/hsvs1/hsvs/tlr/tlr/tlr.srcs/sources_1/bd/tsr/ipshared/3b6f/video_mux.v:61]
WARNING: [Synth 8-3848] Net h_sync_mux[12] in module/entity video_mux does not have driver. [/home/lsriw/Desktop/klara/hsvs1/hsvs/tlr/tlr/tlr.srcs/sources_1/bd/tsr/ipshared/3b6f/video_mux.v:61]
WARNING: [Synth 8-3848] Net h_sync_mux[11] in module/entity video_mux does not have driver. [/home/lsriw/Desktop/klara/hsvs1/hsvs/tlr/tlr/tlr.srcs/sources_1/bd/tsr/ipshared/3b6f/video_mux.v:61]
WARNING: [Synth 8-3848] Net h_sync_mux[10] in module/entity video_mux does not have driver. [/home/lsriw/Desktop/klara/hsvs1/hsvs/tlr/tlr/tlr.srcs/sources_1/bd/tsr/ipshared/3b6f/video_mux.v:61]
WARNING: [Synth 8-3848] Net h_sync_mux[9] in module/entity video_mux does not have driver. [/home/lsriw/Desktop/klara/hsvs1/hsvs/tlr/tlr/tlr.srcs/sources_1/bd/tsr/ipshared/3b6f/video_mux.v:61]
WARNING: [Synth 8-3848] Net h_sync_mux[8] in module/entity video_mux does not have driver. [/home/lsriw/Desktop/klara/hsvs1/hsvs/tlr/tlr/tlr.srcs/sources_1/bd/tsr/ipshared/3b6f/video_mux.v:61]
WARNING: [Synth 8-3848] Net h_sync_mux[7] in module/entity video_mux does not have driver. [/home/lsriw/Desktop/klara/hsvs1/hsvs/tlr/tlr/tlr.srcs/sources_1/bd/tsr/ipshared/3b6f/video_mux.v:61]
WARNING: [Synth 8-3848] Net h_sync_mux[6] in module/entity video_mux does not have driver. [/home/lsriw/Desktop/klara/hsvs1/hsvs/tlr/tlr/tlr.srcs/sources_1/bd/tsr/ipshared/3b6f/video_mux.v:61]
WARNING: [Synth 8-3848] Net h_sync_mux[5] in module/entity video_mux does not have driver. [/home/lsriw/Desktop/klara/hsvs1/hsvs/tlr/tlr/tlr.srcs/sources_1/bd/tsr/ipshared/3b6f/video_mux.v:61]
WARNING: [Synth 8-3848] Net v_sync_mux[15] in module/entity video_mux does not have driver. [/home/lsriw/Desktop/klara/hsvs1/hsvs/tlr/tlr/tlr.srcs/sources_1/bd/tsr/ipshared/3b6f/video_mux.v:62]
WARNING: [Synth 8-3848] Net v_sync_mux[14] in module/entity video_mux does not have driver. [/home/lsriw/Desktop/klara/hsvs1/hsvs/tlr/tlr/tlr.srcs/sources_1/bd/tsr/ipshared/3b6f/video_mux.v:62]
WARNING: [Synth 8-3848] Net v_sync_mux[13] in module/entity video_mux does not have driver. [/home/lsriw/Desktop/klara/hsvs1/hsvs/tlr/tlr/tlr.srcs/sources_1/bd/tsr/ipshared/3b6f/video_mux.v:62]
WARNING: [Synth 8-3848] Net v_sync_mux[12] in module/entity video_mux does not have driver. [/home/lsriw/Desktop/klara/hsvs1/hsvs/tlr/tlr/tlr.srcs/sources_1/bd/tsr/ipshared/3b6f/video_mux.v:62]
WARNING: [Synth 8-3848] Net v_sync_mux[11] in module/entity video_mux does not have driver. [/home/lsriw/Desktop/klara/hsvs1/hsvs/tlr/tlr/tlr.srcs/sources_1/bd/tsr/ipshared/3b6f/video_mux.v:62]
WARNING: [Synth 8-3848] Net v_sync_mux[10] in module/entity video_mux does not have driver. [/home/lsriw/Desktop/klara/hsvs1/hsvs/tlr/tlr/tlr.srcs/sources_1/bd/tsr/ipshared/3b6f/video_mux.v:62]
WARNING: [Synth 8-3848] Net v_sync_mux[9] in module/entity video_mux does not have driver. [/home/lsriw/Desktop/klara/hsvs1/hsvs/tlr/tlr/tlr.srcs/sources_1/bd/tsr/ipshared/3b6f/video_mux.v:62]
WARNING: [Synth 8-3848] Net v_sync_mux[8] in module/entity video_mux does not have driver. [/home/lsriw/Desktop/klara/hsvs1/hsvs/tlr/tlr/tlr.srcs/sources_1/bd/tsr/ipshared/3b6f/video_mux.v:62]
WARNING: [Synth 8-3848] Net v_sync_mux[7] in module/entity video_mux does not have driver. [/home/lsriw/Desktop/klara/hsvs1/hsvs/tlr/tlr/tlr.srcs/sources_1/bd/tsr/ipshared/3b6f/video_mux.v:62]
WARNING: [Synth 8-3848] Net v_sync_mux[6] in module/entity video_mux does not have driver. [/home/lsriw/Desktop/klara/hsvs1/hsvs/tlr/tlr/tlr.srcs/sources_1/bd/tsr/ipshared/3b6f/video_mux.v:62]
WARNING: [Synth 8-3848] Net v_sync_mux[5] in module/entity video_mux does not have driver. [/home/lsriw/Desktop/klara/hsvs1/hsvs/tlr/tlr/tlr.srcs/sources_1/bd/tsr/ipshared/3b6f/video_mux.v:62]
INFO: [Synth 8-6155] done synthesizing module 'video_mux' (1#1) [/home/lsriw/Desktop/klara/hsvs1/hsvs/tlr/tlr/tlr.srcs/sources_1/bd/tsr/ipshared/3b6f/video_mux.v:23]
INFO: [Synth 8-6155] done synthesizing module 'tsr_video_mux_0_0' (2#1) [/home/lsriw/Desktop/klara/hsvs1/hsvs/tlr/tlr/tlr.srcs/sources_1/bd/tsr/ip/tsr_video_mux_0_0/synth/tsr_video_mux_0_0.v:57]
---------------------------------------------------------------------------------
Finished RTL Elaboration : Time (s): cpu = 00:00:02 ; elapsed = 00:00:02 . Memory (MB): peak = 1521.125 ; gain = 130.605 ; free physical = 55244 ; free virtual = 60924
---------------------------------------------------------------------------------

Report Check Netlist: 
+------+------------------+-------+---------+-------+------------------+
|      |Item              |Errors |Warnings |Status |Description       |
+------+------------------+-------+---------+-------+------------------+
|1     |multi_driven_nets |      0|        0|Passed |Multi driven nets |
+------+------------------+-------+---------+-------+------------------+
---------------------------------------------------------------------------------
Start Handling Custom Attributes
---------------------------------------------------------------------------------
---------------------------------------------------------------------------------
Finished Handling Custom Attributes : Time (s): cpu = 00:00:02 ; elapsed = 00:00:02 . Memory (MB): peak = 1521.125 ; gain = 130.605 ; free physical = 55329 ; free virtual = 61010
---------------------------------------------------------------------------------
---------------------------------------------------------------------------------
Finished RTL Optimization Phase 1 : Time (s): cpu = 00:00:02 ; elapsed = 00:00:02 . Memory (MB): peak = 1521.125 ; gain = 130.605 ; free physical = 55329 ; free virtual = 61010
---------------------------------------------------------------------------------
INFO: [Device 21-403] Loading part xc7z010clg400-1
INFO: [Project 1-570] Preparing netlist for logic optimization

Processing XDC Constraints
Initializing timing engine
Completed Processing XDC Constraints

Netlist sorting complete. Time (s): cpu = 00:00:00 ; elapsed = 00:00:00 . Memory (MB): peak = 1797.961 ; gain = 0.000 ; free physical = 54696 ; free virtual = 60356
INFO: [Project 1-111] Unisim Transformation Summary:
No Unisim elements were transformed.

Netlist sorting complete. Time (s): cpu = 00:00:00 ; elapsed = 00:00:00 . Memory (MB): peak = 1797.961 ; gain = 0.000 ; free physical = 54696 ; free virtual = 60356
WARNING: [Constraints 18-5210] No constraints selected for write.
Resolution: This message can indicate that there are no constraints for the design, or it can indicate that the used_in flags are set such that the constraints are ignored. This later case is used when running synth_design to not write synthesis constraints to the resulting checkpoint. Instead, project constraints are read when the synthesized design is opened.
Constraint Validation Runtime : Time (s): cpu = 00:00:00.02 ; elapsed = 00:00:00.06 . Memory (MB): peak = 1799.961 ; gain = 2.000 ; free physical = 54676 ; free virtual = 60337
---------------------------------------------------------------------------------
Finished Constraint Validation : Time (s): cpu = 00:00:05 ; elapsed = 00:00:06 . Memory (MB): peak = 1799.961 ; gain = 409.441 ; free physical = 54824 ; free virtual = 60486
---------------------------------------------------------------------------------
---------------------------------------------------------------------------------
Start Loading Part and Timing Information
---------------------------------------------------------------------------------
Loading part: xc7z010clg400-1
---------------------------------------------------------------------------------
Finished Loading Part and Timing Information : Time (s): cpu = 00:00:05 ; elapsed = 00:00:06 . Memory (MB): peak = 1799.961 ; gain = 409.441 ; free physical = 54824 ; free virtual = 60486
---------------------------------------------------------------------------------
---------------------------------------------------------------------------------
Start Applying 'set_property' XDC Constraints
---------------------------------------------------------------------------------
---------------------------------------------------------------------------------
Finished applying 'set_property' XDC Constraints : Time (s): cpu = 00:00:05 ; elapsed = 00:00:06 . Memory (MB): peak = 1799.961 ; gain = 409.441 ; free physical = 54824 ; free virtual = 60485
---------------------------------------------------------------------------------
---------------------------------------------------------------------------------
Finished RTL Optimization Phase 2 : Time (s): cpu = 00:00:05 ; elapsed = 00:00:07 . Memory (MB): peak = 1799.961 ; gain = 409.441 ; free physical = 54834 ; free virtual = 60496
---------------------------------------------------------------------------------

Report RTL Partitions: 
+-+--------------+------------+----------+
| |RTL Partition |Replication |Instances |
+-+--------------+------------+----------+
+-+--------------+------------+----------+
---------------------------------------------------------------------------------
Start RTL Component Statistics 
---------------------------------------------------------------------------------
Detailed RTL Component Info : 
---------------------------------------------------------------------------------
Finished RTL Component Statistics 
---------------------------------------------------------------------------------
---------------------------------------------------------------------------------
Start RTL Hierarchical Component Statistics 
---------------------------------------------------------------------------------
Hierarchical RTL Component report 
---------------------------------------------------------------------------------
Finished RTL Hierarchical Component Statistics
---------------------------------------------------------------------------------
---------------------------------------------------------------------------------
Start Part Resource Summary
---------------------------------------------------------------------------------
Part Resources:
DSPs: 80 (col length:40)
BRAMs: 120 (col length: RAMB18 40 RAMB36 20)
---------------------------------------------------------------------------------
Finished Part Resource Summary
---------------------------------------------------------------------------------
---------------------------------------------------------------------------------
Start Cross Boundary and Area Optimization
---------------------------------------------------------------------------------
Warning: Parallel synthesis criteria is not met 
---------------------------------------------------------------------------------
Finished Cross Boundary and Area Optimization : Time (s): cpu = 00:00:06 ; elapsed = 00:00:07 . Memory (MB): peak = 1799.961 ; gain = 409.441 ; free physical = 54818 ; free virtual = 60485
---------------------------------------------------------------------------------

Report RTL Partitions: 
+-+--------------+------------+----------+
| |RTL Partition |Replication |Instances |
+-+--------------+------------+----------+
+-+--------------+------------+----------+
---------------------------------------------------------------------------------
Start Applying XDC Timing Constraints
---------------------------------------------------------------------------------
---------------------------------------------------------------------------------
Finished Applying XDC Timing Constraints : Time (s): cpu = 00:00:10 ; elapsed = 00:00:11 . Memory (MB): peak = 1820.961 ; gain = 430.441 ; free physical = 54453 ; free virtual = 60121
---------------------------------------------------------------------------------
---------------------------------------------------------------------------------
Start Timing Optimization
---------------------------------------------------------------------------------
---------------------------------------------------------------------------------
Finished Timing Optimization : Time (s): cpu = 00:00:10 ; elapsed = 00:00:11 . Memory (MB): peak = 1820.961 ; gain = 430.441 ; free physical = 54453 ; free virtual = 60121
---------------------------------------------------------------------------------

Report RTL Partitions: 
+-+--------------+------------+----------+
| |RTL Partition |Replication |Instances |
+-+--------------+------------+----------+
+-+--------------+------------+----------+
---------------------------------------------------------------------------------
Start Technology Mapping
---------------------------------------------------------------------------------
---------------------------------------------------------------------------------
Finished Technology Mapping : Time (s): cpu = 00:00:10 ; elapsed = 00:00:11 . Memory (MB): peak = 1830.977 ; gain = 440.457 ; free physical = 54451 ; free virtual = 60119
---------------------------------------------------------------------------------

Report RTL Partitions: 
+-+--------------+------------+----------+
| |RTL Partition |Replication |Instances |
+-+--------------+------------+----------+
+-+--------------+------------+----------+
---------------------------------------------------------------------------------
Start IO Insertion
---------------------------------------------------------------------------------
---------------------------------------------------------------------------------
Start Flattening Before IO Insertion
---------------------------------------------------------------------------------
---------------------------------------------------------------------------------
Finished Flattening Before IO Insertion
---------------------------------------------------------------------------------
---------------------------------------------------------------------------------
Start Final Netlist Cleanup
---------------------------------------------------------------------------------
---------------------------------------------------------------------------------
Finished Final Netlist Cleanup
---------------------------------------------------------------------------------
---------------------------------------------------------------------------------
Finished IO Insertion : Time (s): cpu = 00:00:10 ; elapsed = 00:00:11 . Memory (MB): peak = 1830.977 ; gain = 440.457 ; free physical = 54329 ; free virtual = 59997
---------------------------------------------------------------------------------

Report Check Netlist: 
+------+------------------+-------+---------+-------+------------------+
|      |Item              |Errors |Warnings |Status |Description       |
+------+------------------+-------+---------+-------+------------------+
|1     |multi_driven_nets |      0|        0|Passed |Multi driven nets |
+------+------------------+-------+---------+-------+------------------+
---------------------------------------------------------------------------------
Start Renaming Generated Instances
---------------------------------------------------------------------------------
---------------------------------------------------------------------------------
Finished Renaming Generated Instances : Time (s): cpu = 00:00:10 ; elapsed = 00:00:11 . Memory (MB): peak = 1830.977 ; gain = 440.457 ; free physical = 54329 ; free virtual = 59997
---------------------------------------------------------------------------------

Report RTL Partitions: 
+-+--------------+------------+----------+
| |RTL Partition |Replication |Instances |
+-+--------------+------------+----------+
+-+--------------+------------+----------+
---------------------------------------------------------------------------------
Start Rebuilding User Hierarchy
---------------------------------------------------------------------------------
---------------------------------------------------------------------------------
Finished Rebuilding User Hierarchy : Time (s): cpu = 00:00:10 ; elapsed = 00:00:11 . Memory (MB): peak = 1830.977 ; gain = 440.457 ; free physical = 54328 ; free virtual = 59996
---------------------------------------------------------------------------------
---------------------------------------------------------------------------------
Start Renaming Generated Ports
---------------------------------------------------------------------------------
---------------------------------------------------------------------------------
Finished Renaming Generated Ports : Time (s): cpu = 00:00:10 ; elapsed = 00:00:11 . Memory (MB): peak = 1830.977 ; gain = 440.457 ; free physical = 54328 ; free virtual = 59996
---------------------------------------------------------------------------------
---------------------------------------------------------------------------------
Start Handling Custom Attributes
---------------------------------------------------------------------------------
---------------------------------------------------------------------------------
Finished Handling Custom Attributes : Time (s): cpu = 00:00:10 ; elapsed = 00:00:11 . Memory (MB): peak = 1830.977 ; gain = 440.457 ; free physical = 54328 ; free virtual = 59996
---------------------------------------------------------------------------------
---------------------------------------------------------------------------------
Start Renaming Generated Nets
---------------------------------------------------------------------------------
---------------------------------------------------------------------------------
Finished Renaming Generated Nets : Time (s): cpu = 00:00:10 ; elapsed = 00:00:11 . Memory (MB): peak = 1830.977 ; gain = 440.457 ; free physical = 54328 ; free virtual = 59996
---------------------------------------------------------------------------------
---------------------------------------------------------------------------------
Start Writing Synthesis Report
---------------------------------------------------------------------------------

Report BlackBoxes: 
+-+--------------+----------+
| |BlackBox name |Instances |
+-+--------------+----------+
+-+--------------+----------+

Report Cell Usage: 
+------+-----+------+
|      |Cell |Count |
+------+-----+------+
|1     |LUT6 |    54|
+------+-----+------+

Report Instance Areas: 
+------+---------+-------+------+
|      |Instance |Module |Cells |
+------+---------+-------+------+
|1     |top      |       |    54|
+------+---------+-------+------+
---------------------------------------------------------------------------------
Finished Writing Synthesis Report : Time (s): cpu = 00:00:10 ; elapsed = 00:00:11 . Memory (MB): peak = 1830.977 ; gain = 440.457 ; free physical = 54328 ; free virtual = 59996
---------------------------------------------------------------------------------
Synthesis finished with 0 errors, 0 critical warnings and 0 warnings.
Synthesis Optimization Runtime : Time (s): cpu = 00:00:08 ; elapsed = 00:00:08 . Memory (MB): peak = 1830.977 ; gain = 161.621 ; free physical = 54375 ; free virtual = 60043
Synthesis Optimization Complete : Time (s): cpu = 00:00:10 ; elapsed = 00:00:11 . Memory (MB): peak = 1830.984 ; gain = 440.457 ; free physical = 54375 ; free virtual = 60043
INFO: [Project 1-571] Translating synthesized netlist
INFO: [Project 1-570] Preparing netlist for logic optimization
INFO: [Opt 31-138] Pushed 0 inverter(s) to 0 load pin(s).
Netlist sorting complete. Time (s): cpu = 00:00:00 ; elapsed = 00:00:00 . Memory (MB): peak = 1837.977 ; gain = 0.000 ; free physical = 54352 ; free virtual = 60020
INFO: [Project 1-111] Unisim Transformation Summary:
No Unisim elements were transformed.

INFO: [Common 17-83] Releasing license: Synthesis
18 Infos, 46 Warnings, 0 Critical Warnings and 0 Errors encountered.
synth_design completed successfully
synth_design: Time (s): cpu = 00:00:11 ; elapsed = 00:00:12 . Memory (MB): peak = 1837.977 ; gain = 459.055 ; free physical = 54405 ; free virtual = 60073
Netlist sorting complete. Time (s): cpu = 00:00:00 ; elapsed = 00:00:00 . Memory (MB): peak = 1837.977 ; gain = 0.000 ; free physical = 54405 ; free virtual = 60073
WARNING: [Constraints 18-5210] No constraints selected for write.
Resolution: This message can indicate that there are no constraints for the design, or it can indicate that the used_in flags are set such that the constraints are ignored. This later case is used when running synth_design to not write synthesis constraints to the resulting checkpoint. Instead, project constraints are read when the synthesized design is opened.
INFO: [Common 17-1381] The checkpoint '/home/lsriw/Desktop/klara/hsvs1/hsvs/tlr/tlr/tlr.runs/tsr_video_mux_0_0_synth_1/tsr_video_mux_0_0.dcp' has been generated.
INFO: [Coretcl 2-1648] Added synthesis output to IP cache for IP tsr_video_mux_0_0, cache-ID = 06afb28c9b1a063b
Netlist sorting complete. Time (s): cpu = 00:00:00 ; elapsed = 00:00:00 . Memory (MB): peak = 1837.977 ; gain = 0.000 ; free physical = 54391 ; free virtual = 60060
WARNING: [Constraints 18-5210] No constraints selected for write.
Resolution: This message can indicate that there are no constraints for the design, or it can indicate that the used_in flags are set such that the constraints are ignored. This later case is used when running synth_design to not write synthesis constraints to the resulting checkpoint. Instead, project constraints are read when the synthesized design is opened.
INFO: [Common 17-1381] The checkpoint '/home/lsriw/Desktop/klara/hsvs1/hsvs/tlr/tlr/tlr.runs/tsr_video_mux_0_0_synth_1/tsr_video_mux_0_0.dcp' has been generated.
INFO: [runtcl-4] Executing : report_utilization -file tsr_video_mux_0_0_utilization_synth.rpt -pb tsr_video_mux_0_0_utilization_synth.pb
INFO: [Common 17-206] Exiting Vivado at Tue Dec 14 15:24:01 2021...
