
*** Running vivado
    with args -log tsr_clk_wiz_0_0.vds -m64 -product Vivado -mode batch -messageDb vivado.pb -notrace -source tsr_clk_wiz_0_0.tcl


****** Vivado v2018.3 (64-bit)
  **** SW Build 2405991 on Thu Dec  6 23:36:41 MST 2018
  **** IP Build 2404404 on Fri Dec  7 01:43:56 MST 2018
    ** Copyright 1986-2018 Xilinx, Inc. All Rights Reserved.

source tsr_clk_wiz_0_0.tcl -notrace
INFO: [IP_Flow 19-234] Refreshing IP repositories
INFO: [IP_Flow 19-1700] Loaded user IP repository '/home/lsriw/Documents/Camugli/hsvs/IPdir'.
INFO: [IP_Flow 19-1700] Loaded user IP repository '/home/lsriw/Documents/Camugli/hsvs/hdmi_vga_ip_repo'.
INFO: [IP_Flow 19-2313] Loaded Vivado IP repository '/opt/Xilinx/Vivado/2018.3/data/ip'.
Command: synth_design -top tsr_clk_wiz_0_0 -part xc7z010clg400-1 -mode out_of_context
Starting synth_design
Attempting to get a license for feature 'Synthesis' and/or device 'xc7z010'
INFO: [Common 17-349] Got license for feature 'Synthesis' and/or device 'xc7z010'
INFO: Launching helper process for spawning children vivado processes
INFO: Helper process launched with PID 19872 
---------------------------------------------------------------------------------
Starting RTL Elaboration : Time (s): cpu = 00:00:01 ; elapsed = 00:00:01 . Memory (MB): peak = 1474.371 ; gain = 82.855 ; free physical = 56585 ; free virtual = 60802
---------------------------------------------------------------------------------
INFO: [Synth 8-6157] synthesizing module 'tsr_clk_wiz_0_0' [/home/lsriw/Documents/Camugli/hsvs/tlr/tlr/tlr.srcs/sources_1/bd/tsr/ip/tsr_clk_wiz_0_0/tsr_clk_wiz_0_0.v:70]
INFO: [Synth 8-6157] synthesizing module 'tsr_clk_wiz_0_0_clk_wiz' [/home/lsriw/Documents/Camugli/hsvs/tlr/tlr/tlr.srcs/sources_1/bd/tsr/ip/tsr_clk_wiz_0_0/tsr_clk_wiz_0_0_clk_wiz.v:68]
INFO: [Synth 8-6157] synthesizing module 'IBUF' [/opt/Xilinx/Vivado/2018.3/scripts/rt/data/unisim_comp.v:20408]
	Parameter CAPACITANCE bound to: DONT_CARE - type: string 
	Parameter IBUF_DELAY_VALUE bound to: 0 - type: string 
	Parameter IBUF_LOW_PWR bound to: TRUE - type: string 
	Parameter IFD_DELAY_VALUE bound to: AUTO - type: string 
	Parameter IOSTANDARD bound to: DEFAULT - type: string 
INFO: [Synth 8-6155] done synthesizing module 'IBUF' (1#1) [/opt/Xilinx/Vivado/2018.3/scripts/rt/data/unisim_comp.v:20408]
INFO: [Synth 8-6157] synthesizing module 'PLLE2_ADV' [/opt/Xilinx/Vivado/2018.3/scripts/rt/data/unisim_comp.v:41045]
	Parameter BANDWIDTH bound to: OPTIMIZED - type: string 
	Parameter CLKFBOUT_MULT bound to: 8 - type: integer 
	Parameter CLKFBOUT_PHASE bound to: 0.000000 - type: float 
	Parameter CLKIN1_PERIOD bound to: 8.000000 - type: float 
	Parameter CLKIN2_PERIOD bound to: 0.000000 - type: float 
	Parameter CLKOUT0_DIVIDE bound to: 5 - type: integer 
	Parameter CLKOUT0_DUTY_CYCLE bound to: 0.500000 - type: float 
	Parameter CLKOUT0_PHASE bound to: 0.000000 - type: float 
	Parameter CLKOUT1_DIVIDE bound to: 1 - type: integer 
	Parameter CLKOUT1_DUTY_CYCLE bound to: 0.500000 - type: float 
	Parameter CLKOUT1_PHASE bound to: 0.000000 - type: float 
	Parameter CLKOUT2_DIVIDE bound to: 1 - type: integer 
	Parameter CLKOUT2_DUTY_CYCLE bound to: 0.500000 - type: float 
	Parameter CLKOUT2_PHASE bound to: 0.000000 - type: float 
	Parameter CLKOUT3_DIVIDE bound to: 1 - type: integer 
	Parameter CLKOUT3_DUTY_CYCLE bound to: 0.500000 - type: float 
	Parameter CLKOUT3_PHASE bound to: 0.000000 - type: float 
	Parameter CLKOUT4_DIVIDE bound to: 1 - type: integer 
	Parameter CLKOUT4_DUTY_CYCLE bound to: 0.500000 - type: float 
	Parameter CLKOUT4_PHASE bound to: 0.000000 - type: float 
	Parameter CLKOUT5_DIVIDE bound to: 1 - type: integer 
	Parameter CLKOUT5_DUTY_CYCLE bound to: 0.500000 - type: float 
	Parameter CLKOUT5_PHASE bound to: 0.000000 - type: float 
	Parameter COMPENSATION bound to: ZHOLD - type: string 
	Parameter DIVCLK_DIVIDE bound to: 1 - type: integer 
	Parameter IS_CLKINSEL_INVERTED bound to: 1'b0 
	Parameter IS_PWRDWN_INVERTED bound to: 1'b0 
	Parameter IS_RST_INVERTED bound to: 1'b0 
	Parameter REF_JITTER1 bound to: 0.010000 - type: float 
	Parameter REF_JITTER2 bound to: 0.010000 - type: float 
	Parameter STARTUP_WAIT bound to: FALSE - type: string 
INFO: [Synth 8-6155] done synthesizing module 'PLLE2_ADV' (2#1) [/opt/Xilinx/Vivado/2018.3/scripts/rt/data/unisim_comp.v:41045]
INFO: [Synth 8-6157] synthesizing module 'BUFG' [/opt/Xilinx/Vivado/2018.3/scripts/rt/data/unisim_comp.v:609]
INFO: [Synth 8-6155] done synthesizing module 'BUFG' (3#1) [/opt/Xilinx/Vivado/2018.3/scripts/rt/data/unisim_comp.v:609]
INFO: [Synth 8-6155] done synthesizing module 'tsr_clk_wiz_0_0_clk_wiz' (4#1) [/home/lsriw/Documents/Camugli/hsvs/tlr/tlr/tlr.srcs/sources_1/bd/tsr/ip/tsr_clk_wiz_0_0/tsr_clk_wiz_0_0_clk_wiz.v:68]
INFO: [Synth 8-6155] done synthesizing module 'tsr_clk_wiz_0_0' (5#1) [/home/lsriw/Documents/Camugli/hsvs/tlr/tlr/tlr.srcs/sources_1/bd/tsr/ip/tsr_clk_wiz_0_0/tsr_clk_wiz_0_0.v:70]
---------------------------------------------------------------------------------
Finished RTL Elaboration : Time (s): cpu = 00:00:01 ; elapsed = 00:00:02 . Memory (MB): peak = 1520.121 ; gain = 128.605 ; free physical = 56598 ; free virtual = 60815
---------------------------------------------------------------------------------

Report Check Netlist: 
+------+------------------+-------+---------+-------+------------------+
|      |Item              |Errors |Warnings |Status |Description       |
+------+------------------+-------+---------+-------+------------------+
|1     |multi_driven_nets |      0|        0|Passed |Multi driven nets |
+------+------------------+-------+---------+-------+------------------+
---------------------------------------------------------------------------------
Start Handling Custom Attributes
---------------------------------------------------------------------------------
---------------------------------------------------------------------------------
Finished Handling Custom Attributes : Time (s): cpu = 00:00:02 ; elapsed = 00:00:02 . Memory (MB): peak = 1520.121 ; gain = 128.605 ; free physical = 56598 ; free virtual = 60814
---------------------------------------------------------------------------------
---------------------------------------------------------------------------------
Finished RTL Optimization Phase 1 : Time (s): cpu = 00:00:02 ; elapsed = 00:00:02 . Memory (MB): peak = 1520.121 ; gain = 128.605 ; free physical = 56598 ; free virtual = 60814
---------------------------------------------------------------------------------
INFO: [Netlist 29-17] Analyzing 1 Unisim elements for replacement
INFO: [Netlist 29-28] Unisim Transformation completed in 0 CPU seconds
INFO: [Device 21-403] Loading part xc7z010clg400-1
INFO: [Project 1-570] Preparing netlist for logic optimization

Processing XDC Constraints
Initializing timing engine
Parsing XDC File [/home/lsriw/Documents/Camugli/hsvs/tlr/tlr/tlr.srcs/sources_1/bd/tsr/ip/tsr_clk_wiz_0_0/tsr_clk_wiz_0_0_ooc.xdc] for cell 'inst'
Finished Parsing XDC File [/home/lsriw/Documents/Camugli/hsvs/tlr/tlr/tlr.srcs/sources_1/bd/tsr/ip/tsr_clk_wiz_0_0/tsr_clk_wiz_0_0_ooc.xdc] for cell 'inst'
Parsing XDC File [/home/lsriw/Documents/Camugli/hsvs/tlr/tlr/tlr.srcs/sources_1/bd/tsr/ip/tsr_clk_wiz_0_0/tsr_clk_wiz_0_0_board.xdc] for cell 'inst'
Finished Parsing XDC File [/home/lsriw/Documents/Camugli/hsvs/tlr/tlr/tlr.srcs/sources_1/bd/tsr/ip/tsr_clk_wiz_0_0/tsr_clk_wiz_0_0_board.xdc] for cell 'inst'
Parsing XDC File [/home/lsriw/Documents/Camugli/hsvs/tlr/tlr/tlr.srcs/sources_1/bd/tsr/ip/tsr_clk_wiz_0_0/tsr_clk_wiz_0_0.xdc] for cell 'inst'
Finished Parsing XDC File [/home/lsriw/Documents/Camugli/hsvs/tlr/tlr/tlr.srcs/sources_1/bd/tsr/ip/tsr_clk_wiz_0_0/tsr_clk_wiz_0_0.xdc] for cell 'inst'
INFO: [Project 1-236] Implementation specific constraints were found while reading constraint file [/home/lsriw/Documents/Camugli/hsvs/tlr/tlr/tlr.srcs/sources_1/bd/tsr/ip/tsr_clk_wiz_0_0/tsr_clk_wiz_0_0.xdc]. These constraints will be ignored for synthesis but will be used in implementation. Impacted constraints are listed in the file [.Xil/tsr_clk_wiz_0_0_propImpl.xdc].
Resolution: To avoid this warning, move constraints listed in [.Xil/tsr_clk_wiz_0_0_propImpl.xdc] to another XDC file and exclude this new file from synthesis with the used_in_synthesis property (File Properties dialog in GUI) and re-run elaboration/synthesis.
INFO: [Timing 38-2] Deriving generated clocks
Netlist sorting complete. Time (s): cpu = 00:00:00.01 ; elapsed = 00:00:00 . Memory (MB): peak = 1795.973 ; gain = 0.000 ; free physical = 56351 ; free virtual = 60568
Parsing XDC File [/home/lsriw/Documents/Camugli/hsvs/tlr/tlr/tlr.runs/tsr_clk_wiz_0_0_synth_1/dont_touch.xdc]
Finished Parsing XDC File [/home/lsriw/Documents/Camugli/hsvs/tlr/tlr/tlr.runs/tsr_clk_wiz_0_0_synth_1/dont_touch.xdc]
Completed Processing XDC Constraints

Netlist sorting complete. Time (s): cpu = 00:00:00 ; elapsed = 00:00:00 . Memory (MB): peak = 1795.973 ; gain = 0.000 ; free physical = 56352 ; free virtual = 60569
INFO: [Project 1-111] Unisim Transformation Summary:
No Unisim elements were transformed.

Netlist sorting complete. Time (s): cpu = 00:00:00 ; elapsed = 00:00:00 . Memory (MB): peak = 1795.973 ; gain = 0.000 ; free physical = 56352 ; free virtual = 60569
Constraint Validation Runtime : Time (s): cpu = 00:00:00 ; elapsed = 00:00:00.01 . Memory (MB): peak = 1795.973 ; gain = 0.000 ; free physical = 56352 ; free virtual = 60568
---------------------------------------------------------------------------------
Finished Constraint Validation : Time (s): cpu = 00:00:05 ; elapsed = 00:00:06 . Memory (MB): peak = 1795.973 ; gain = 404.457 ; free physical = 56428 ; free virtual = 60645
---------------------------------------------------------------------------------
---------------------------------------------------------------------------------
Start Loading Part and Timing Information
---------------------------------------------------------------------------------
Loading part: xc7z010clg400-1
---------------------------------------------------------------------------------
Finished Loading Part and Timing Information : Time (s): cpu = 00:00:05 ; elapsed = 00:00:06 . Memory (MB): peak = 1795.973 ; gain = 404.457 ; free physical = 56428 ; free virtual = 60645
---------------------------------------------------------------------------------
---------------------------------------------------------------------------------
Start Applying 'set_property' XDC Constraints
---------------------------------------------------------------------------------
Applied set_property DONT_TOUCH = true for inst. (constraint file  /home/lsriw/Documents/Camugli/hsvs/tlr/tlr/tlr.runs/tsr_clk_wiz_0_0_synth_1/dont_touch.xdc, line 9).
---------------------------------------------------------------------------------
Finished applying 'set_property' XDC Constraints : Time (s): cpu = 00:00:05 ; elapsed = 00:00:06 . Memory (MB): peak = 1795.973 ; gain = 404.457 ; free physical = 56430 ; free virtual = 60647
---------------------------------------------------------------------------------
---------------------------------------------------------------------------------
Finished RTL Optimization Phase 2 : Time (s): cpu = 00:00:05 ; elapsed = 00:00:06 . Memory (MB): peak = 1795.973 ; gain = 404.457 ; free physical = 56429 ; free virtual = 60646
---------------------------------------------------------------------------------

Report RTL Partitions: 
+-+--------------+------------+----------+
| |RTL Partition |Replication |Instances |
+-+--------------+------------+----------+
+-+--------------+------------+----------+
---------------------------------------------------------------------------------
Start RTL Component Statistics 
---------------------------------------------------------------------------------
Detailed RTL Component Info : 
---------------------------------------------------------------------------------
Finished RTL Component Statistics 
---------------------------------------------------------------------------------
---------------------------------------------------------------------------------
Start RTL Hierarchical Component Statistics 
---------------------------------------------------------------------------------
Hierarchical RTL Component report 
---------------------------------------------------------------------------------
Finished RTL Hierarchical Component Statistics
---------------------------------------------------------------------------------
---------------------------------------------------------------------------------
Start Part Resource Summary
---------------------------------------------------------------------------------
Part Resources:
DSPs: 80 (col length:40)
BRAMs: 120 (col length: RAMB18 40 RAMB36 20)
---------------------------------------------------------------------------------
Finished Part Resource Summary
---------------------------------------------------------------------------------
---------------------------------------------------------------------------------
Start Cross Boundary and Area Optimization
---------------------------------------------------------------------------------
Warning: Parallel synthesis criteria is not met 
---------------------------------------------------------------------------------
Finished Cross Boundary and Area Optimization : Time (s): cpu = 00:00:06 ; elapsed = 00:00:07 . Memory (MB): peak = 1795.973 ; gain = 404.457 ; free physical = 56429 ; free virtual = 60647
---------------------------------------------------------------------------------

Report RTL Partitions: 
+-+--------------+------------+----------+
| |RTL Partition |Replication |Instances |
+-+--------------+------------+----------+
+-+--------------+------------+----------+
---------------------------------------------------------------------------------
Start Applying XDC Timing Constraints
---------------------------------------------------------------------------------
---------------------------------------------------------------------------------
Finished Applying XDC Timing Constraints : Time (s): cpu = 00:00:09 ; elapsed = 00:00:10 . Memory (MB): peak = 1799.957 ; gain = 408.441 ; free physical = 56290 ; free virtual = 60519
---------------------------------------------------------------------------------
---------------------------------------------------------------------------------
Start Timing Optimization
---------------------------------------------------------------------------------
---------------------------------------------------------------------------------
Finished Timing Optimization : Time (s): cpu = 00:00:09 ; elapsed = 00:00:10 . Memory (MB): peak = 1799.957 ; gain = 408.441 ; free physical = 56290 ; free virtual = 60519
---------------------------------------------------------------------------------

Report RTL Partitions: 
+-+--------------+------------+----------+
| |RTL Partition |Replication |Instances |
+-+--------------+------------+----------+
+-+--------------+------------+----------+
---------------------------------------------------------------------------------
Start Technology Mapping
---------------------------------------------------------------------------------
---------------------------------------------------------------------------------
Finished Technology Mapping : Time (s): cpu = 00:00:09 ; elapsed = 00:00:10 . Memory (MB): peak = 1809.973 ; gain = 418.457 ; free physical = 56289 ; free virtual = 60518
---------------------------------------------------------------------------------

Report RTL Partitions: 
+-+--------------+------------+----------+
| |RTL Partition |Replication |Instances |
+-+--------------+------------+----------+
+-+--------------+------------+----------+
---------------------------------------------------------------------------------
Start IO Insertion
---------------------------------------------------------------------------------
---------------------------------------------------------------------------------
Start Flattening Before IO Insertion
---------------------------------------------------------------------------------
---------------------------------------------------------------------------------
Finished Flattening Before IO Insertion
---------------------------------------------------------------------------------
---------------------------------------------------------------------------------
Start Final Netlist Cleanup
---------------------------------------------------------------------------------
---------------------------------------------------------------------------------
Finished Final Netlist Cleanup
---------------------------------------------------------------------------------
---------------------------------------------------------------------------------
Finished IO Insertion : Time (s): cpu = 00:00:10 ; elapsed = 00:00:11 . Memory (MB): peak = 1809.973 ; gain = 418.457 ; free physical = 56298 ; free virtual = 60517
---------------------------------------------------------------------------------

Report Check Netlist: 
+------+------------------+-------+---------+-------+------------------+
|      |Item              |Errors |Warnings |Status |Description       |
+------+------------------+-------+---------+-------+------------------+
|1     |multi_driven_nets |      0|        0|Passed |Multi driven nets |
+------+------------------+-------+---------+-------+------------------+
---------------------------------------------------------------------------------
Start Renaming Generated Instances
---------------------------------------------------------------------------------
---------------------------------------------------------------------------------
Finished Renaming Generated Instances : Time (s): cpu = 00:00:10 ; elapsed = 00:00:11 . Memory (MB): peak = 1809.973 ; gain = 418.457 ; free physical = 56298 ; free virtual = 60517
---------------------------------------------------------------------------------

Report RTL Partitions: 
+-+--------------+------------+----------+
| |RTL Partition |Replication |Instances |
+-+--------------+------------+----------+
+-+--------------+------------+----------+
---------------------------------------------------------------------------------
Start Rebuilding User Hierarchy
---------------------------------------------------------------------------------
---------------------------------------------------------------------------------
Finished Rebuilding User Hierarchy : Time (s): cpu = 00:00:10 ; elapsed = 00:00:11 . Memory (MB): peak = 1809.973 ; gain = 418.457 ; free physical = 56298 ; free virtual = 60517
---------------------------------------------------------------------------------
---------------------------------------------------------------------------------
Start Renaming Generated Ports
---------------------------------------------------------------------------------
---------------------------------------------------------------------------------
Finished Renaming Generated Ports : Time (s): cpu = 00:00:10 ; elapsed = 00:00:11 . Memory (MB): peak = 1809.973 ; gain = 418.457 ; free physical = 56298 ; free virtual = 60517
---------------------------------------------------------------------------------
---------------------------------------------------------------------------------
Start Handling Custom Attributes
---------------------------------------------------------------------------------
---------------------------------------------------------------------------------
Finished Handling Custom Attributes : Time (s): cpu = 00:00:10 ; elapsed = 00:00:11 . Memory (MB): peak = 1809.973 ; gain = 418.457 ; free physical = 56298 ; free virtual = 60517
---------------------------------------------------------------------------------
---------------------------------------------------------------------------------
Start Renaming Generated Nets
---------------------------------------------------------------------------------
---------------------------------------------------------------------------------
Finished Renaming Generated Nets : Time (s): cpu = 00:00:10 ; elapsed = 00:00:11 . Memory (MB): peak = 1809.973 ; gain = 418.457 ; free physical = 56298 ; free virtual = 60517
---------------------------------------------------------------------------------
---------------------------------------------------------------------------------
Start Writing Synthesis Report
---------------------------------------------------------------------------------

Report BlackBoxes: 
+-+--------------+----------+
| |BlackBox name |Instances |
+-+--------------+----------+
+-+--------------+----------+

Report Cell Usage: 
+------+----------+------+
|      |Cell      |Count |
+------+----------+------+
|1     |BUFG      |     2|
|2     |PLLE2_ADV |     1|
|3     |IBUF      |     1|
+------+----------+------+

Report Instance Areas: 
+------+---------+------------------------+------+
|      |Instance |Module                  |Cells |
+------+---------+------------------------+------+
|1     |top      |                        |     4|
|2     |  inst   |tsr_clk_wiz_0_0_clk_wiz |     4|
+------+---------+------------------------+------+
---------------------------------------------------------------------------------
Finished Writing Synthesis Report : Time (s): cpu = 00:00:10 ; elapsed = 00:00:11 . Memory (MB): peak = 1809.973 ; gain = 418.457 ; free physical = 56298 ; free virtual = 60517
---------------------------------------------------------------------------------
Synthesis finished with 0 errors, 0 critical warnings and 0 warnings.
Synthesis Optimization Runtime : Time (s): cpu = 00:00:07 ; elapsed = 00:00:08 . Memory (MB): peak = 1809.973 ; gain = 142.605 ; free physical = 56356 ; free virtual = 60575
Synthesis Optimization Complete : Time (s): cpu = 00:00:10 ; elapsed = 00:00:11 . Memory (MB): peak = 1809.980 ; gain = 418.457 ; free physical = 56356 ; free virtual = 60575
INFO: [Project 1-571] Translating synthesized netlist
INFO: [Netlist 29-17] Analyzing 1 Unisim elements for replacement
INFO: [Netlist 29-28] Unisim Transformation completed in 0 CPU seconds
INFO: [Project 1-570] Preparing netlist for logic optimization
INFO: [Opt 31-138] Pushed 0 inverter(s) to 0 load pin(s).
Netlist sorting complete. Time (s): cpu = 00:00:00 ; elapsed = 00:00:00 . Memory (MB): peak = 1815.973 ; gain = 0.000 ; free physical = 56295 ; free virtual = 60514
INFO: [Project 1-111] Unisim Transformation Summary:
No Unisim elements were transformed.

INFO: [Common 17-83] Releasing license: Synthesis
29 Infos, 0 Warnings, 0 Critical Warnings and 0 Errors encountered.
synth_design completed successfully
synth_design: Time (s): cpu = 00:00:11 ; elapsed = 00:00:11 . Memory (MB): peak = 1815.973 ; gain = 436.055 ; free physical = 56343 ; free virtual = 60561
Netlist sorting complete. Time (s): cpu = 00:00:00 ; elapsed = 00:00:00 . Memory (MB): peak = 1815.973 ; gain = 0.000 ; free physical = 56343 ; free virtual = 60561
WARNING: [Constraints 18-5210] No constraints selected for write.
Resolution: This message can indicate that there are no constraints for the design, or it can indicate that the used_in flags are set such that the constraints are ignored. This later case is used when running synth_design to not write synthesis constraints to the resulting checkpoint. Instead, project constraints are read when the synthesized design is opened.
INFO: [Common 17-1381] The checkpoint '/home/lsriw/Documents/Camugli/hsvs/tlr/tlr/tlr.runs/tsr_clk_wiz_0_0_synth_1/tsr_clk_wiz_0_0.dcp' has been generated.
INFO: [Coretcl 2-1648] Added synthesis output to IP cache for IP tsr_clk_wiz_0_0, cache-ID = 2bd3c03bdca5532d
Netlist sorting complete. Time (s): cpu = 00:00:00 ; elapsed = 00:00:00 . Memory (MB): peak = 1819.973 ; gain = 0.000 ; free physical = 56345 ; free virtual = 60563
WARNING: [Constraints 18-5210] No constraints selected for write.
Resolution: This message can indicate that there are no constraints for the design, or it can indicate that the used_in flags are set such that the constraints are ignored. This later case is used when running synth_design to not write synthesis constraints to the resulting checkpoint. Instead, project constraints are read when the synthesized design is opened.
INFO: [Common 17-1381] The checkpoint '/home/lsriw/Documents/Camugli/hsvs/tlr/tlr/tlr.runs/tsr_clk_wiz_0_0_synth_1/tsr_clk_wiz_0_0.dcp' has been generated.
INFO: [runtcl-4] Executing : report_utilization -file tsr_clk_wiz_0_0_utilization_synth.rpt -pb tsr_clk_wiz_0_0_utilization_synth.pb
INFO: [Common 17-206] Exiting Vivado at Tue Dec  7 14:50:35 2021...
