Copyright 1986-2018 Xilinx, Inc. All Rights Reserved.
------------------------------------------------------------------------------------
| Tool Version : Vivado v.2018.3 (lin64) Build 2405991 Thu Dec  6 23:36:41 MST 2018
| Date         : Tue Dec 14 15:15:06 2021
| Host         : lsriw-rysy running 64-bit Ubuntu 18.04.6 LTS
| Command      : upgrade_ip
| Device       : xc7z010clg400-1
------------------------------------------------------------------------------------

Upgrade Log for IP 'tsr_parameter_register_0_0'

1. Summary
----------

CAUTION (success, with warnings) in the upgrade of tsr_parameter_register_0_0 (user.org:user:parameter_register:1.0) from (Rev. 1) to (Rev. 2)

After upgrade, an IP may have parameter and port differences compared to the original customization. Please review the parameters within the IP customization GUI to ensure proper functionality. Also, please review the updated IP instantiation template to ensure proper connectivity, and update your design if required.

2. Connection Warnings
----------------------

Detected external port differences while upgrading 'tsr_parameter_register_0_0'. These changes may impact your design.


-Upgrade has added port 'B_TL'

-Upgrade has added port 'B_TU'

-Upgrade has added port 'G_TL'

-Upgrade has added port 'G_TU'

-Upgrade has added port 'R_TL'

-Upgrade has added port 'R_TU'

-Upgrade has added port 'sw'







Copyright 1986-2018 Xilinx, Inc. All Rights Reserved.
------------------------------------------------------------------------------------
| Tool Version : Vivado v.2018.3 (lin64) Build 2405991 Thu Dec  6 23:36:41 MST 2018
| Date         : Tue Dec 14 15:09:42 2021
| Host         : lsriw-rysy running 64-bit Ubuntu 18.04.6 LTS
| Command      : upgrade_ip
| Device       : xc7z010clg400-1
------------------------------------------------------------------------------------

Upgrade Log for IP 'tsr_parameter_register_0_0'

1. Summary
----------

SUCCESS in the conversion of tsr_parameter_register_0_0 (user.org:user:parameter_register:1.0 (Rev. 1)) to Vivado generation flows.

